<?xml version="1.0" encoding="UTF-8"?>
<testng-results skipped="0" failed="0" ignored="0" total="2" passed="2">
  <reporter-output>
  </reporter-output>
  <suite name="Suite" duration-ms="24774" started-at="2019-02-14T06:12:16Z" finished-at="2019-02-14T06:12:40Z">
    <groups>
    </groups>
    <test name="Test" duration-ms="24774" started-at="2019-02-14T06:12:16Z" finished-at="2019-02-14T06:12:40Z">
      <class name="com.facebook.testcases.LoginPageTestCase">
        <test-method status="PASS" signature="setup()[pri:0, instance:com.facebook.testcases.LoginPageTestCase@181a1bc]" name="setup" is-config="true" duration-ms="12328" started-at="2019-02-14T06:12:03Z" finished-at="2019-02-14T06:12:16Z">
          <reporter-output>
          </reporter-output>
        </test-method> <!-- setup -->
        <test-method status="PASS" signature="verifyloginpage()[pri:0, instance:com.facebook.testcases.LoginPageTestCase@181a1bc]" name="verifyloginpage" duration-ms="24624" started-at="2019-02-14T06:12:16Z" finished-at="2019-02-14T06:12:40Z">
          <reporter-output>
          </reporter-output>
        </test-method> <!-- verifyloginpage -->
        <test-method status="PASS" signature="verifytitletest()[pri:0, instance:com.facebook.testcases.LoginPageTestCase@181a1bc]" name="verifytitletest" duration-ms="28" started-at="2019-02-14T06:12:40Z" finished-at="2019-02-14T06:12:40Z">
          <reporter-output>
          </reporter-output>
        </test-method> <!-- verifytitletest -->
        <test-method status="PASS" signature="browserclose()[pri:0, instance:com.facebook.testcases.LoginPageTestCase@181a1bc]" name="browserclose" is-config="true" duration-ms="1196" started-at="2019-02-14T06:12:40Z" finished-at="2019-02-14T06:12:42Z">
          <reporter-output>
          </reporter-output>
        </test-method> <!-- browserclose -->
      </class> <!-- com.facebook.testcases.LoginPageTestCase -->
    </test> <!-- Test -->
  </suite> <!-- Suite -->
</testng-results>
